
Showing logs for build [32mcb-kubecd-environment-pr-191-12-srrnd-1[0m stage [32mfrom-build-pack[0m and container [32mstep-credential-initializer-dd9p4[0m
{"level":"warn","ts":1585494341.5493267,"logger":"fallback-logger","caller":"logging/config.go:69","msg":"Fetch GitHub commit ID from kodata failed: \"ref: refs/heads/0.8.0-**-support-backwards-incompats\" is not a valid GitHub commit ID"}
{"level":"info","ts":1585494341.5516212,"logger":"fallback-logger","caller":"creds-init/main.go:40","msg":"Credentials initialized."}

Showing logs for build [32mcb-kubecd-environment-pr-191-12-srrnd-1[0m stage [32mfrom-build-pack[0m and container [32mstep-working-dir-initializer-nxrp2[0m
{"level":"warn","ts":1585494342.9609947,"logger":"fallback-logger","caller":"logging/config.go:69","msg":"Fetch GitHub commit ID from kodata failed: open /var/run/ko/HEAD: no such file or directory"}
{"level":"info","ts":1585494342.9626644,"logger":"fallback-logger","caller":"bash/main.go:64","msg":"Successfully executed command \"sh -c mkdir -p /workspace/source\"; output "}

Showing logs for build [32mcb-kubecd-environment-pr-191-12-srrnd-1[0m stage [32mfrom-build-pack[0m and container [32mstep-place-tools[0m

Showing logs for build [32mcb-kubecd-environment-pr-191-12-srrnd-1[0m stage [32mfrom-build-pack[0m and container [32mstep-git-source-cb-kubecd-environment-pr-191-12-srrnd-vs7qg[0m
{"level":"warn","ts":1585494347.0046687,"logger":"fallback-logger","caller":"logging/config.go:69","msg":"Fetch GitHub commit ID from kodata failed: \"ref: refs/heads/0.8.0-**-support-backwards-incompats\" is not a valid GitHub commit ID"}
{"level":"info","ts":1585494348.1365917,"logger":"fallback-logger","caller":"git/git.go:103","msg":"Successfully cloned https://github.com/cb-kubecd/environment-pr-191-124-gke-upgrade-production.git @ master in path /workspace/source"}

Showing logs for build [32mcb-kubecd-environment-pr-191-12-srrnd-1[0m stage [32mfrom-build-pack[0m and container [32mstep-git-merge[0m
Using SHAs from PULL_REFS=master:41dc46bb507ab8aceaf1282c3a03c49df5b5c7d4,1:1ef552bf91f9a5d986db44edefb1079f859fc4d5
DEBUG: LC_ALL=C JX_LOG_LEVEL=error git fetch origin --unshallow 1ef552bf91f9a5d986db44edefb1079f859fc4d5: 41dc46bb507ab8aceaf1282c3a03c49df5b5c7d4:
DEBUG: ran git fetch --unshallow origin 1ef552bf91f9a5d986db44edefb1079f859fc4d5: 41dc46bb507ab8aceaf1282c3a03c49df5b5c7d4: in 
DEBUG: LC_ALL=C JX_LOG_LEVEL=error git branch
DEBUG: LC_ALL=C JX_LOG_LEVEL=error git checkout master
DEBUG: ran git checkout master in 
DEBUG: LC_ALL=C JX_LOG_LEVEL=error git reset --hard 41dc46bb507ab8aceaf1282c3a03c49df5b5c7d4
DEBUG: ran git reset --hard 41dc46bb507ab8aceaf1282c3a03c49df5b5c7d4 in 
DEBUG: JX_LOG_LEVEL=error LC_ALL=C git clean -fd .
DEBUG: ran clean --force -d . in 
DEBUG: LC_ALL=C JX_LOG_LEVEL=error git merge 1ef552bf91f9a5d986db44edefb1079f859fc4d5
DEBUG: ran git merge 1ef552bf91f9a5d986db44edefb1079f859fc4d5 in 
DEBUG: LC_ALL=C JX_LOG_LEVEL=error git log --format=%H%x1f%an%x1f%ae%x1f%cn%x1f%ce%x1f%s%n%b%x1e 41dc46bb507ab8aceaf1282c3a03c49df5b5c7d4..HEAD
Merged SHA 1ef552bf91f9a5d986db44edefb1079f859fc4d5 with commit message 'chore: Promote bdd-spring-1585492787 to version 0.0.1' into base branch master

Showing logs for build [32mcb-kubecd-environment-pr-191-12-srrnd-1[0m stage [32mfrom-build-pack[0m and container [32mstep-build-helm-build[0m
WARNING: No $CHART_REPOSITORY defined so using the default value of: http://jenkins-x-chartmuseum:8080
Adding missing Helm repo: storage.googleapis.com https://storage.googleapis.com/chartmuseum.jenkins-x.io
WARNING: No secrets found on "helm/repos" due: reading the secret "helm/repos" from vault: no secret "helm/repos" not found in vault
Read credentials for https://storage.googleapis.com/chartmuseum.jenkins-x.io from vault helm/repos
Successfully added Helm repository storage.googleapis.com.
Adding missing Helm repo: jenkins-x-chartmuseum http://jenkins-x-chartmuseum:8080
WARNING: No secrets found on "helm/repos" due: reading the secret "helm/repos" from vault: no secret "helm/repos" not found in vault
Read credentials for http://jenkins-x-chartmuseum:8080 from vault helm/repos
Successfully added Helm repository jenkins-x-chartmuseum.
WARNING: No $CHART_REPOSITORY defined so using the default value of: http://jenkins-x-chartmuseum:8080
Adding missing Helm repo: chartmuseum.jenkins-x.io http://chartmuseum.jenkins-x.io
WARNING: No secrets found on "helm/repos" due: reading the secret "helm/repos" from vault: no secret "helm/repos" not found in vault
Read credentials for http://chartmuseum.jenkins-x.io from vault helm/repos
Successfully added Helm repository chartmuseum.jenkins-x.io.
